
**** Build of configuration Debug for project Chapter4 ****

make all 
Building file: ../sources/4.cpp
Invoking: Cross G++ Compiler
g++ -O0 -g3 -Wall -c -fmessage-length=0 -MMD -MP -MF"sources/4.d" -MT"sources/4.d" -o "sources/4.o" "../sources/4.cpp"
../sources/4.cpp: In function ‘int main(int, char**)’:
../sources/4.cpp:199:21: warning: name lookup of ‘i’ changed [enabled by default]
../sources/4.cpp:118:17: warning:   matches this ‘i’ under ISO standard rules [enabled by default]
../sources/4.cpp:184:10: warning:   matches this ‘i’ under old rules [enabled by default]
../sources/4.cpp:150:11: warning: unused variable ‘t5’ [-Wunused-variable]
../sources/4.cpp:151:11: warning: unused variable ‘t6’ [-Wunused-variable]
../sources/4.cpp:152:11: warning: unused variable ‘t7’ [-Wunused-variable]
../sources/4.cpp:153:11: warning: unused variable ‘t8’ [-Wunused-variable]
../sources/4.cpp:154:11: warning: unused variable ‘t9’ [-Wunused-variable]
../sources/4.cpp:155:11: warning: unused variable ‘t10’ [-Wunused-variable]
../sources/4.cpp:156:11: warning: unused variable ‘t11’ [-Wunused-variable]
../sources/4.cpp:157:11: warning: unused variable ‘t12’ [-Wunused-variable]
../sources/4.cpp:158:11: warning: unused variable ‘t13’ [-Wunused-variable]
../sources/4.cpp:159:11: warning: unused variable ‘t14’ [-Wunused-variable]
Finished building: ../sources/4.cpp
 
Building target: Chapter4
Invoking: Cross G++ Linker
g++  -o "Chapter4"  ./sources/4.o   
Finished building target: Chapter4
 

**** Build Finished ****
